2016-05-12 18:20:30,141 [main] INFO  c.g.t.t.d.PublishedGradleVersions - Gradle version information cache file is out-of-date. Remote download required.
2016-05-13 14:10:12,058 [main] INFO  c.g.t.t.d.PublishedGradleVersions - Gradle version information cache file is not out-of-date. No remote download required.
2016-05-16 15:37:35,825 [main] INFO  c.g.t.t.d.PublishedGradleVersions - Gradle version information cache file is out-of-date. Remote download required.
2016-05-16 15:40:42,784 [Worker-20] INFO  o.e.m.c.i.e.AbstractTransferListenerAdapter - Downloading https://repo.maven.apache.org/maven2/org/glassfish/jersey/media/jersey-media-json-jackson/2.22/jersey-media-json-jackson-2.22.pom
2016-05-16 15:40:43,280 [Worker-20] INFO  o.e.m.c.i.e.AbstractTransferListenerAdapter - Downloaded https://repo.maven.apache.org/maven2/org/glassfish/jersey/media/jersey-media-json-jackson/2.22/jersey-media-json-jackson-2.22.pom
2016-05-16 15:40:43,666 [Worker-20] INFO  o.e.m.c.i.e.AbstractTransferListenerAdapter - Downloading https://repo.maven.apache.org/maven2/org/glassfish/jersey/media/project/2.22/project-2.22.pom
2016-05-16 15:40:43,860 [Worker-20] INFO  o.e.m.c.i.e.AbstractTransferListenerAdapter - Downloaded https://repo.maven.apache.org/maven2/org/glassfish/jersey/media/project/2.22/project-2.22.pom
2016-05-16 15:40:43,994 [Worker-20] INFO  o.e.m.c.i.e.AbstractTransferListenerAdapter - Downloading https://repo.maven.apache.org/maven2/org/glassfish/jersey/project/2.22/project-2.22.pom
2016-05-16 15:40:44,173 [Worker-20] INFO  o.e.m.c.i.e.AbstractTransferListenerAdapter - Downloaded https://repo.maven.apache.org/maven2/org/glassfish/jersey/project/2.22/project-2.22.pom
2016-05-16 15:40:44,356 [Worker-20] INFO  o.e.m.c.i.e.AbstractTransferListenerAdapter - Downloading https://repo.maven.apache.org/maven2/org/glassfish/hk2/hk2-bom/2.4.0-b31/hk2-bom-2.4.0-b31.pom
2016-05-16 15:40:44,416 [Worker-20] INFO  o.e.m.c.i.e.AbstractTransferListenerAdapter - Downloaded https://repo.maven.apache.org/maven2/org/glassfish/hk2/hk2-bom/2.4.0-b31/hk2-bom-2.4.0-b31.pom
2016-05-16 15:40:44,576 [Worker-20] INFO  o.e.m.c.i.e.AbstractTransferListenerAdapter - Downloading https://repo.maven.apache.org/maven2/org/glassfish/jersey/core/jersey-common/2.22/jersey-common-2.22.pom
2016-05-16 15:40:44,635 [Worker-20] INFO  o.e.m.c.i.e.AbstractTransferListenerAdapter - Downloaded https://repo.maven.apache.org/maven2/org/glassfish/jersey/core/jersey-common/2.22/jersey-common-2.22.pom
2016-05-16 15:40:45,169 [Worker-20] INFO  o.e.m.c.i.e.AbstractTransferListenerAdapter - Downloading https://repo.maven.apache.org/maven2/org/glassfish/jersey/bundles/repackaged/jersey-guava/2.22/jersey-guava-2.22.pom
2016-05-16 15:40:45,223 [Worker-20] INFO  o.e.m.c.i.e.AbstractTransferListenerAdapter - Downloaded https://repo.maven.apache.org/maven2/org/glassfish/jersey/bundles/repackaged/jersey-guava/2.22/jersey-guava-2.22.pom
2016-05-16 15:40:45,273 [Worker-20] INFO  o.e.m.c.i.e.AbstractTransferListenerAdapter - Downloading https://repo.maven.apache.org/maven2/org/glassfish/jersey/bundles/repackaged/project/2.22/project-2.22.pom
2016-05-16 15:40:45,341 [Worker-20] INFO  o.e.m.c.i.e.AbstractTransferListenerAdapter - Downloaded https://repo.maven.apache.org/maven2/org/glassfish/jersey/bundles/repackaged/project/2.22/project-2.22.pom
2016-05-16 15:40:45,415 [Worker-20] INFO  o.e.m.c.i.e.AbstractTransferListenerAdapter - Downloading https://repo.maven.apache.org/maven2/org/glassfish/jersey/bundles/project/2.22/project-2.22.pom
2016-05-16 15:40:45,487 [Worker-20] INFO  o.e.m.c.i.e.AbstractTransferListenerAdapter - Downloaded https://repo.maven.apache.org/maven2/org/glassfish/jersey/bundles/project/2.22/project-2.22.pom
2016-05-16 15:40:45,723 [Worker-20] INFO  o.e.m.c.i.e.AbstractTransferListenerAdapter - Downloading https://repo.maven.apache.org/maven2/org/glassfish/hk2/hk2-api/2.4.0-b31/hk2-api-2.4.0-b31.pom
2016-05-16 15:40:45,767 [Worker-20] INFO  o.e.m.c.i.e.AbstractTransferListenerAdapter - Downloaded https://repo.maven.apache.org/maven2/org/glassfish/hk2/hk2-api/2.4.0-b31/hk2-api-2.4.0-b31.pom
2016-05-16 15:40:45,877 [Worker-20] INFO  o.e.m.c.i.e.AbstractTransferListenerAdapter - Downloading https://repo.maven.apache.org/maven2/org/glassfish/hk2/hk2-parent/2.4.0-b31/hk2-parent-2.4.0-b31.pom
2016-05-16 15:40:46,018 [Worker-20] INFO  o.e.m.c.i.e.AbstractTransferListenerAdapter - Downloaded https://repo.maven.apache.org/maven2/org/glassfish/hk2/hk2-parent/2.4.0-b31/hk2-parent-2.4.0-b31.pom
2016-05-16 15:40:46,191 [Worker-20] INFO  o.e.m.c.i.e.AbstractTransferListenerAdapter - Downloading https://repo.maven.apache.org/maven2/org/glassfish/hk2/hk2-utils/2.4.0-b31/hk2-utils-2.4.0-b31.pom
2016-05-16 15:40:46,260 [Worker-20] INFO  o.e.m.c.i.e.AbstractTransferListenerAdapter - Downloaded https://repo.maven.apache.org/maven2/org/glassfish/hk2/hk2-utils/2.4.0-b31/hk2-utils-2.4.0-b31.pom
2016-05-16 15:40:46,349 [Worker-20] INFO  o.e.m.c.i.e.AbstractTransferListenerAdapter - Downloading https://repo.maven.apache.org/maven2/org/glassfish/hk2/external/aopalliance-repackaged/2.4.0-b31/aopalliance-repackaged-2.4.0-b31.pom
2016-05-16 15:40:46,412 [Worker-20] INFO  o.e.m.c.i.e.AbstractTransferListenerAdapter - Downloaded https://repo.maven.apache.org/maven2/org/glassfish/hk2/external/aopalliance-repackaged/2.4.0-b31/aopalliance-repackaged-2.4.0-b31.pom
2016-05-16 15:40:46,487 [Worker-20] INFO  o.e.m.c.i.e.AbstractTransferListenerAdapter - Downloading https://repo.maven.apache.org/maven2/org/glassfish/hk2/external/2.4.0-b31/external-2.4.0-b31.pom
2016-05-16 15:40:46,547 [Worker-20] INFO  o.e.m.c.i.e.AbstractTransferListenerAdapter - Downloaded https://repo.maven.apache.org/maven2/org/glassfish/hk2/external/2.4.0-b31/external-2.4.0-b31.pom
2016-05-16 15:40:46,657 [Worker-20] INFO  o.e.m.c.i.e.AbstractTransferListenerAdapter - Downloading https://repo.maven.apache.org/maven2/org/glassfish/hk2/external/javax.inject/2.4.0-b31/javax.inject-2.4.0-b31.pom
2016-05-16 15:40:46,749 [Worker-20] INFO  o.e.m.c.i.e.AbstractTransferListenerAdapter - Downloaded https://repo.maven.apache.org/maven2/org/glassfish/hk2/external/javax.inject/2.4.0-b31/javax.inject-2.4.0-b31.pom
2016-05-16 15:40:46,906 [Worker-20] INFO  o.e.m.c.i.e.AbstractTransferListenerAdapter - Downloading https://repo.maven.apache.org/maven2/org/glassfish/hk2/hk2-locator/2.4.0-b31/hk2-locator-2.4.0-b31.pom
2016-05-16 15:40:46,960 [Worker-20] INFO  o.e.m.c.i.e.AbstractTransferListenerAdapter - Downloaded https://repo.maven.apache.org/maven2/org/glassfish/hk2/hk2-locator/2.4.0-b31/hk2-locator-2.4.0-b31.pom
2016-05-16 15:40:47,365 [Worker-20] INFO  o.e.m.c.i.e.AbstractTransferListenerAdapter - Downloading https://repo.maven.apache.org/maven2/org/glassfish/jersey/ext/jersey-entity-filtering/2.22/jersey-entity-filtering-2.22.pom
2016-05-16 15:40:47,442 [Worker-20] INFO  o.e.m.c.i.e.AbstractTransferListenerAdapter - Downloaded https://repo.maven.apache.org/maven2/org/glassfish/jersey/ext/jersey-entity-filtering/2.22/jersey-entity-filtering-2.22.pom
2016-05-16 15:40:47,515 [Worker-20] INFO  o.e.m.c.i.e.AbstractTransferListenerAdapter - Downloading https://repo.maven.apache.org/maven2/org/glassfish/jersey/ext/project/2.22/project-2.22.pom
2016-05-16 15:40:47,575 [Worker-20] INFO  o.e.m.c.i.e.AbstractTransferListenerAdapter - Downloaded https://repo.maven.apache.org/maven2/org/glassfish/jersey/ext/project/2.22/project-2.22.pom
2016-05-16 15:40:47,755 [Worker-20] INFO  o.e.m.c.i.e.AbstractTransferListenerAdapter - Downloading https://repo.maven.apache.org/maven2/com/fasterxml/jackson/jaxrs/jackson-jaxrs-base/2.5.4/jackson-jaxrs-base-2.5.4.pom
2016-05-16 15:40:47,832 [Worker-20] INFO  o.e.m.c.i.e.AbstractTransferListenerAdapter - Downloaded https://repo.maven.apache.org/maven2/com/fasterxml/jackson/jaxrs/jackson-jaxrs-base/2.5.4/jackson-jaxrs-base-2.5.4.pom
2016-05-16 15:40:47,885 [Worker-20] INFO  o.e.m.c.i.e.AbstractTransferListenerAdapter - Downloading https://repo.maven.apache.org/maven2/com/fasterxml/jackson/jaxrs/jackson-jaxrs-providers/2.5.4/jackson-jaxrs-providers-2.5.4.pom
2016-05-16 15:40:47,969 [Worker-20] INFO  o.e.m.c.i.e.AbstractTransferListenerAdapter - Downloaded https://repo.maven.apache.org/maven2/com/fasterxml/jackson/jaxrs/jackson-jaxrs-providers/2.5.4/jackson-jaxrs-providers-2.5.4.pom
2016-05-16 15:40:48,025 [Worker-20] INFO  o.e.m.c.i.e.AbstractTransferListenerAdapter - Downloading https://repo.maven.apache.org/maven2/com/fasterxml/jackson/jackson-parent/2.5.1/jackson-parent-2.5.1.pom
2016-05-16 15:40:48,168 [Worker-20] INFO  o.e.m.c.i.e.AbstractTransferListenerAdapter - Downloaded https://repo.maven.apache.org/maven2/com/fasterxml/jackson/jackson-parent/2.5.1/jackson-parent-2.5.1.pom
2016-05-16 15:40:48,233 [Worker-20] INFO  o.e.m.c.i.e.AbstractTransferListenerAdapter - Downloading https://repo.maven.apache.org/maven2/com/fasterxml/oss-parent/19/oss-parent-19.pom
2016-05-16 15:40:48,317 [Worker-20] INFO  o.e.m.c.i.e.AbstractTransferListenerAdapter - Downloaded https://repo.maven.apache.org/maven2/com/fasterxml/oss-parent/19/oss-parent-19.pom
2016-05-16 15:40:48,389 [Worker-20] INFO  o.e.m.c.i.e.AbstractTransferListenerAdapter - Downloading https://repo.maven.apache.org/maven2/com/fasterxml/jackson/core/jackson-core/2.5.4/jackson-core-2.5.4.pom
2016-05-16 15:40:48,485 [Worker-20] INFO  o.e.m.c.i.e.AbstractTransferListenerAdapter - Downloaded https://repo.maven.apache.org/maven2/com/fasterxml/jackson/core/jackson-core/2.5.4/jackson-core-2.5.4.pom
2016-05-16 15:40:48,564 [Worker-20] INFO  o.e.m.c.i.e.AbstractTransferListenerAdapter - Downloading https://repo.maven.apache.org/maven2/com/fasterxml/jackson/core/jackson-databind/2.5.4/jackson-databind-2.5.4.pom
2016-05-16 15:40:48,699 [Worker-20] INFO  o.e.m.c.i.e.AbstractTransferListenerAdapter - Downloaded https://repo.maven.apache.org/maven2/com/fasterxml/jackson/core/jackson-databind/2.5.4/jackson-databind-2.5.4.pom
2016-05-16 15:40:48,853 [Worker-20] INFO  o.e.m.c.i.e.AbstractTransferListenerAdapter - Downloading https://repo.maven.apache.org/maven2/com/fasterxml/jackson/core/jackson-annotations/2.5.0/jackson-annotations-2.5.0.pom
2016-05-16 15:40:48,918 [Worker-20] INFO  o.e.m.c.i.e.AbstractTransferListenerAdapter - Downloaded https://repo.maven.apache.org/maven2/com/fasterxml/jackson/core/jackson-annotations/2.5.0/jackson-annotations-2.5.0.pom
2016-05-16 15:40:48,963 [Worker-20] INFO  o.e.m.c.i.e.AbstractTransferListenerAdapter - Downloading https://repo.maven.apache.org/maven2/com/fasterxml/jackson/jackson-parent/2.5/jackson-parent-2.5.pom
2016-05-16 15:40:49,042 [Worker-20] INFO  o.e.m.c.i.e.AbstractTransferListenerAdapter - Downloaded https://repo.maven.apache.org/maven2/com/fasterxml/jackson/jackson-parent/2.5/jackson-parent-2.5.pom
2016-05-16 15:40:49,144 [Worker-20] INFO  o.e.m.c.i.e.AbstractTransferListenerAdapter - Downloading https://repo.maven.apache.org/maven2/com/fasterxml/oss-parent/18/oss-parent-18.pom
2016-05-16 15:40:49,234 [Worker-20] INFO  o.e.m.c.i.e.AbstractTransferListenerAdapter - Downloaded https://repo.maven.apache.org/maven2/com/fasterxml/oss-parent/18/oss-parent-18.pom
2016-05-16 15:40:49,305 [Worker-20] INFO  o.e.m.c.i.e.AbstractTransferListenerAdapter - Downloading https://repo.maven.apache.org/maven2/com/fasterxml/jackson/jaxrs/jackson-jaxrs-json-provider/2.5.4/jackson-jaxrs-json-provider-2.5.4.pom
2016-05-16 15:40:49,372 [Worker-20] INFO  o.e.m.c.i.e.AbstractTransferListenerAdapter - Downloaded https://repo.maven.apache.org/maven2/com/fasterxml/jackson/jaxrs/jackson-jaxrs-json-provider/2.5.4/jackson-jaxrs-json-provider-2.5.4.pom
2016-05-16 15:40:49,436 [Worker-20] INFO  o.e.m.c.i.e.AbstractTransferListenerAdapter - Downloading https://repo.maven.apache.org/maven2/com/fasterxml/jackson/module/jackson-module-jaxb-annotations/2.5.4/jackson-module-jaxb-annotations-2.5.4.pom
2016-05-16 15:40:49,579 [Worker-20] INFO  o.e.m.c.i.e.AbstractTransferListenerAdapter - Downloaded https://repo.maven.apache.org/maven2/com/fasterxml/jackson/module/jackson-module-jaxb-annotations/2.5.4/jackson-module-jaxb-annotations-2.5.4.pom
2016-05-16 15:40:49,712 [Worker-20] INFO  o.e.m.c.i.e.AbstractTransferListenerAdapter - Downloading https://repo.maven.apache.org/maven2/com/fasterxml/jackson/core/jackson-annotations/2.5.4/jackson-annotations-2.5.4.pom
2016-05-16 15:40:49,796 [Worker-20] INFO  o.e.m.c.i.e.AbstractTransferListenerAdapter - Downloaded https://repo.maven.apache.org/maven2/com/fasterxml/jackson/core/jackson-annotations/2.5.4/jackson-annotations-2.5.4.pom
2016-05-16 15:40:49,901 [Worker-20] INFO  o.e.m.c.i.e.AbstractTransferListenerAdapter - Downloading https://repo.maven.apache.org/maven2/org/glassfish/jersey/core/jersey-client/2.22.2/jersey-client-2.22.2.pom
2016-05-16 15:40:49,973 [Worker-20] INFO  o.e.m.c.i.e.AbstractTransferListenerAdapter - Downloaded https://repo.maven.apache.org/maven2/org/glassfish/jersey/core/jersey-client/2.22.2/jersey-client-2.22.2.pom
2016-05-16 15:40:50,021 [Worker-20] INFO  o.e.m.c.i.e.AbstractTransferListenerAdapter - Downloading https://repo.maven.apache.org/maven2/org/glassfish/jersey/project/2.22.2/project-2.22.2.pom
2016-05-16 15:40:50,162 [Worker-20] INFO  o.e.m.c.i.e.AbstractTransferListenerAdapter - Downloaded https://repo.maven.apache.org/maven2/org/glassfish/jersey/project/2.22.2/project-2.22.2.pom
2016-05-16 15:40:50,224 [Worker-20] INFO  o.e.m.c.i.e.AbstractTransferListenerAdapter - Downloading https://repo.maven.apache.org/maven2/org/glassfish/hk2/hk2-bom/2.4.0-b34/hk2-bom-2.4.0-b34.pom
2016-05-16 15:40:50,459 [Worker-20] INFO  o.e.m.c.i.e.AbstractTransferListenerAdapter - Downloaded https://repo.maven.apache.org/maven2/org/glassfish/hk2/hk2-bom/2.4.0-b34/hk2-bom-2.4.0-b34.pom
2016-05-16 15:40:50,519 [Worker-20] INFO  o.e.m.c.i.e.AbstractTransferListenerAdapter - Downloading https://repo.maven.apache.org/maven2/org/glassfish/jersey/core/jersey-common/2.22.2/jersey-common-2.22.2.pom
2016-05-16 15:40:50,644 [Worker-20] INFO  o.e.m.c.i.e.AbstractTransferListenerAdapter - Downloaded https://repo.maven.apache.org/maven2/org/glassfish/jersey/core/jersey-common/2.22.2/jersey-common-2.22.2.pom
2016-05-16 15:40:50,709 [Worker-20] INFO  o.e.m.c.i.e.AbstractTransferListenerAdapter - Downloading https://repo.maven.apache.org/maven2/org/glassfish/jersey/bundles/repackaged/jersey-guava/2.22.2/jersey-guava-2.22.2.pom
2016-05-16 15:40:50,786 [Worker-20] INFO  o.e.m.c.i.e.AbstractTransferListenerAdapter - Downloaded https://repo.maven.apache.org/maven2/org/glassfish/jersey/bundles/repackaged/jersey-guava/2.22.2/jersey-guava-2.22.2.pom
2016-05-16 15:40:50,834 [Worker-20] INFO  o.e.m.c.i.e.AbstractTransferListenerAdapter - Downloading https://repo.maven.apache.org/maven2/org/glassfish/jersey/bundles/repackaged/project/2.22.2/project-2.22.2.pom
2016-05-16 15:40:50,967 [Worker-20] INFO  o.e.m.c.i.e.AbstractTransferListenerAdapter - Downloaded https://repo.maven.apache.org/maven2/org/glassfish/jersey/bundles/repackaged/project/2.22.2/project-2.22.2.pom
2016-05-16 15:40:51,009 [Worker-20] INFO  o.e.m.c.i.e.AbstractTransferListenerAdapter - Downloading https://repo.maven.apache.org/maven2/org/glassfish/jersey/bundles/project/2.22.2/project-2.22.2.pom
2016-05-16 15:40:51,162 [Worker-20] INFO  o.e.m.c.i.e.AbstractTransferListenerAdapter - Downloaded https://repo.maven.apache.org/maven2/org/glassfish/jersey/bundles/project/2.22.2/project-2.22.2.pom
2016-05-16 15:40:51,337 [Worker-20] INFO  o.e.m.c.i.e.AbstractTransferListenerAdapter - Downloading https://repo.maven.apache.org/maven2/org/glassfish/hk2/hk2-api/2.4.0-b34/hk2-api-2.4.0-b34.pom
2016-05-16 15:40:51,468 [Worker-20] INFO  o.e.m.c.i.e.AbstractTransferListenerAdapter - Downloaded https://repo.maven.apache.org/maven2/org/glassfish/hk2/hk2-api/2.4.0-b34/hk2-api-2.4.0-b34.pom
2016-05-16 15:40:51,551 [Worker-20] INFO  o.e.m.c.i.e.AbstractTransferListenerAdapter - Downloading https://repo.maven.apache.org/maven2/org/glassfish/hk2/hk2-parent/2.4.0-b34/hk2-parent-2.4.0-b34.pom
2016-05-16 15:40:51,679 [Worker-20] INFO  o.e.m.c.i.e.AbstractTransferListenerAdapter - Downloaded https://repo.maven.apache.org/maven2/org/glassfish/hk2/hk2-parent/2.4.0-b34/hk2-parent-2.4.0-b34.pom
2016-05-16 15:40:51,804 [Worker-20] INFO  o.e.m.c.i.e.AbstractTransferListenerAdapter - Downloading https://repo.maven.apache.org/maven2/org/glassfish/hk2/hk2-utils/2.4.0-b34/hk2-utils-2.4.0-b34.pom
2016-05-16 15:40:52,162 [Worker-20] INFO  o.e.m.c.i.e.AbstractTransferListenerAdapter - Downloaded https://repo.maven.apache.org/maven2/org/glassfish/hk2/hk2-utils/2.4.0-b34/hk2-utils-2.4.0-b34.pom
2016-05-16 15:40:52,224 [Worker-20] INFO  o.e.m.c.i.e.AbstractTransferListenerAdapter - Downloading https://repo.maven.apache.org/maven2/org/glassfish/hk2/external/aopalliance-repackaged/2.4.0-b34/aopalliance-repackaged-2.4.0-b34.pom
2016-05-16 15:40:52,282 [Worker-20] INFO  o.e.m.c.i.e.AbstractTransferListenerAdapter - Downloaded https://repo.maven.apache.org/maven2/org/glassfish/hk2/external/aopalliance-repackaged/2.4.0-b34/aopalliance-repackaged-2.4.0-b34.pom
2016-05-16 15:40:52,333 [Worker-20] INFO  o.e.m.c.i.e.AbstractTransferListenerAdapter - Downloading https://repo.maven.apache.org/maven2/org/glassfish/hk2/external/2.4.0-b34/external-2.4.0-b34.pom
2016-05-16 15:40:52,394 [Worker-20] INFO  o.e.m.c.i.e.AbstractTransferListenerAdapter - Downloaded https://repo.maven.apache.org/maven2/org/glassfish/hk2/external/2.4.0-b34/external-2.4.0-b34.pom
2016-05-16 15:40:52,459 [Worker-20] INFO  o.e.m.c.i.e.AbstractTransferListenerAdapter - Downloading https://repo.maven.apache.org/maven2/org/glassfish/hk2/external/javax.inject/2.4.0-b34/javax.inject-2.4.0-b34.pom
2016-05-16 15:40:52,527 [Worker-20] INFO  o.e.m.c.i.e.AbstractTransferListenerAdapter - Downloaded https://repo.maven.apache.org/maven2/org/glassfish/hk2/external/javax.inject/2.4.0-b34/javax.inject-2.4.0-b34.pom
2016-05-16 15:40:52,627 [Worker-20] INFO  o.e.m.c.i.e.AbstractTransferListenerAdapter - Downloading https://repo.maven.apache.org/maven2/org/glassfish/hk2/hk2-locator/2.4.0-b34/hk2-locator-2.4.0-b34.pom
2016-05-16 15:40:52,683 [Worker-20] INFO  o.e.m.c.i.e.AbstractTransferListenerAdapter - Downloaded https://repo.maven.apache.org/maven2/org/glassfish/hk2/hk2-locator/2.4.0-b34/hk2-locator-2.4.0-b34.pom
2016-05-16 15:40:52,740 [Worker-20] INFO  o.e.m.c.i.e.AbstractTransferListenerAdapter - Downloading https://repo.maven.apache.org/maven2/org/glassfish/jersey/containers/jersey-container-servlet-core/2.22.2/jersey-container-servlet-core-2.22.2.pom
2016-05-16 15:40:52,881 [Worker-20] INFO  o.e.m.c.i.e.AbstractTransferListenerAdapter - Downloaded https://repo.maven.apache.org/maven2/org/glassfish/jersey/containers/jersey-container-servlet-core/2.22.2/jersey-container-servlet-core-2.22.2.pom
2016-05-16 15:40:52,933 [Worker-20] INFO  o.e.m.c.i.e.AbstractTransferListenerAdapter - Downloading https://repo.maven.apache.org/maven2/org/glassfish/jersey/containers/project/2.22.2/project-2.22.2.pom
2016-05-16 15:40:52,996 [Worker-20] INFO  o.e.m.c.i.e.AbstractTransferListenerAdapter - Downloaded https://repo.maven.apache.org/maven2/org/glassfish/jersey/containers/project/2.22.2/project-2.22.2.pom
2016-05-16 15:40:53,053 [Worker-20] INFO  o.e.m.c.i.e.AbstractTransferListenerAdapter - Downloading https://repo.maven.apache.org/maven2/org/glassfish/jersey/core/jersey-server/2.22.2/jersey-server-2.22.2.pom
2016-05-16 15:40:53,141 [Worker-20] INFO  o.e.m.c.i.e.AbstractTransferListenerAdapter - Downloaded https://repo.maven.apache.org/maven2/org/glassfish/jersey/core/jersey-server/2.22.2/jersey-server-2.22.2.pom
2016-05-16 15:40:53,219 [Worker-20] INFO  o.e.m.c.i.e.AbstractTransferListenerAdapter - Downloading https://repo.maven.apache.org/maven2/org/glassfish/jersey/media/jersey-media-jaxb/2.22.2/jersey-media-jaxb-2.22.2.pom
2016-05-16 15:40:53,275 [Worker-20] INFO  o.e.m.c.i.e.AbstractTransferListenerAdapter - Downloaded https://repo.maven.apache.org/maven2/org/glassfish/jersey/media/jersey-media-jaxb/2.22.2/jersey-media-jaxb-2.22.2.pom
2016-05-16 15:40:53,328 [Worker-20] INFO  o.e.m.c.i.e.AbstractTransferListenerAdapter - Downloading https://repo.maven.apache.org/maven2/org/glassfish/jersey/media/project/2.22.2/project-2.22.2.pom
2016-05-16 15:40:53,412 [Worker-20] INFO  o.e.m.c.i.e.AbstractTransferListenerAdapter - Downloaded https://repo.maven.apache.org/maven2/org/glassfish/jersey/media/project/2.22.2/project-2.22.2.pom
2016-05-16 15:40:53,558 [Worker-20] INFO  o.e.m.c.i.e.AbstractTransferListenerAdapter - Downloading https://repo.maven.apache.org/maven2/javax/servlet/javax.servlet-api/3.0.1/javax.servlet-api-3.0.1.pom
2016-05-16 15:40:53,618 [Worker-20] INFO  o.e.m.c.i.e.AbstractTransferListenerAdapter - Downloaded https://repo.maven.apache.org/maven2/javax/servlet/javax.servlet-api/3.0.1/javax.servlet-api-3.0.1.pom
2016-05-16 15:40:53,719 [Worker-20] INFO  o.e.m.c.i.e.AbstractTransferListenerAdapter - Downloading https://repo.maven.apache.org/maven2/org/glassfish/jersey/jersey-bom/2.22.2/jersey-bom-2.22.2.pom
2016-05-16 15:40:53,796 [Worker-20] INFO  o.e.m.c.i.e.AbstractTransferListenerAdapter - Downloaded https://repo.maven.apache.org/maven2/org/glassfish/jersey/jersey-bom/2.22.2/jersey-bom-2.22.2.pom
2016-05-16 15:40:53,986 [Worker-20] INFO  o.e.m.c.i.e.AbstractTransferListenerAdapter - Downloading https://repo.maven.apache.org/maven2/org/glassfish/jersey/media/jersey-media-json-jackson/2.22/jersey-media-json-jackson-2.22.jar
2016-05-16 15:40:54,161 [Worker-20] INFO  o.e.m.c.i.e.AbstractTransferListenerAdapter - Downloaded https://repo.maven.apache.org/maven2/org/glassfish/jersey/media/jersey-media-json-jackson/2.22/jersey-media-json-jackson-2.22.jar
2016-05-16 15:40:54,191 [Worker-20] INFO  o.e.m.c.i.e.AbstractTransferListenerAdapter - Downloading https://repo.maven.apache.org/maven2/org/glassfish/jersey/core/jersey-common/2.22/jersey-common-2.22.jar
2016-05-16 15:40:54,691 [Worker-20] INFO  o.e.m.c.i.e.AbstractTransferListenerAdapter - Downloaded https://repo.maven.apache.org/maven2/org/glassfish/jersey/core/jersey-common/2.22/jersey-common-2.22.jar
2016-05-16 15:40:54,734 [Worker-20] INFO  o.e.m.c.i.e.AbstractTransferListenerAdapter - Downloading https://repo.maven.apache.org/maven2/org/glassfish/jersey/bundles/repackaged/jersey-guava/2.22/jersey-guava-2.22.jar
2016-05-16 15:40:55,561 [Worker-20] INFO  o.e.m.c.i.e.AbstractTransferListenerAdapter - Downloaded https://repo.maven.apache.org/maven2/org/glassfish/jersey/bundles/repackaged/jersey-guava/2.22/jersey-guava-2.22.jar
2016-05-16 15:40:55,600 [Worker-20] INFO  o.e.m.c.i.e.AbstractTransferListenerAdapter - Downloading https://repo.maven.apache.org/maven2/org/glassfish/jersey/ext/jersey-entity-filtering/2.22/jersey-entity-filtering-2.22.jar
2016-05-16 15:40:55,665 [Worker-20] INFO  o.e.m.c.i.e.AbstractTransferListenerAdapter - Downloaded https://repo.maven.apache.org/maven2/org/glassfish/jersey/ext/jersey-entity-filtering/2.22/jersey-entity-filtering-2.22.jar
2016-05-16 15:40:55,702 [Worker-20] INFO  o.e.m.c.i.e.AbstractTransferListenerAdapter - Downloading https://repo.maven.apache.org/maven2/com/fasterxml/jackson/jaxrs/jackson-jaxrs-base/2.5.4/jackson-jaxrs-base-2.5.4.jar
2016-05-16 15:40:55,871 [Worker-20] INFO  o.e.m.c.i.e.AbstractTransferListenerAdapter - Downloaded https://repo.maven.apache.org/maven2/com/fasterxml/jackson/jaxrs/jackson-jaxrs-base/2.5.4/jackson-jaxrs-base-2.5.4.jar
2016-05-16 15:40:55,907 [Worker-20] INFO  o.e.m.c.i.e.AbstractTransferListenerAdapter - Downloading https://repo.maven.apache.org/maven2/com/fasterxml/jackson/core/jackson-core/2.5.4/jackson-core-2.5.4.jar
2016-05-16 15:40:56,027 [Worker-20] INFO  o.e.m.c.i.e.AbstractTransferListenerAdapter - Downloaded https://repo.maven.apache.org/maven2/com/fasterxml/jackson/core/jackson-core/2.5.4/jackson-core-2.5.4.jar
2016-05-16 15:40:56,060 [Worker-20] INFO  o.e.m.c.i.e.AbstractTransferListenerAdapter - Downloading https://repo.maven.apache.org/maven2/com/fasterxml/jackson/core/jackson-databind/2.5.4/jackson-databind-2.5.4.jar
2016-05-16 15:40:56,613 [Worker-20] INFO  o.e.m.c.i.e.AbstractTransferListenerAdapter - Downloaded https://repo.maven.apache.org/maven2/com/fasterxml/jackson/core/jackson-databind/2.5.4/jackson-databind-2.5.4.jar
2016-05-16 15:40:56,648 [Worker-20] INFO  o.e.m.c.i.e.AbstractTransferListenerAdapter - Downloading https://repo.maven.apache.org/maven2/com/fasterxml/jackson/jaxrs/jackson-jaxrs-json-provider/2.5.4/jackson-jaxrs-json-provider-2.5.4.jar
2016-05-16 15:40:56,774 [Worker-20] INFO  o.e.m.c.i.e.AbstractTransferListenerAdapter - Downloaded https://repo.maven.apache.org/maven2/com/fasterxml/jackson/jaxrs/jackson-jaxrs-json-provider/2.5.4/jackson-jaxrs-json-provider-2.5.4.jar
2016-05-16 15:40:56,807 [Worker-20] INFO  o.e.m.c.i.e.AbstractTransferListenerAdapter - Downloading https://repo.maven.apache.org/maven2/com/fasterxml/jackson/module/jackson-module-jaxb-annotations/2.5.4/jackson-module-jaxb-annotations-2.5.4.jar
2016-05-16 15:40:56,976 [Worker-20] INFO  o.e.m.c.i.e.AbstractTransferListenerAdapter - Downloaded https://repo.maven.apache.org/maven2/com/fasterxml/jackson/module/jackson-module-jaxb-annotations/2.5.4/jackson-module-jaxb-annotations-2.5.4.jar
2016-05-16 15:40:57,015 [Worker-20] INFO  o.e.m.c.i.e.AbstractTransferListenerAdapter - Downloading https://repo.maven.apache.org/maven2/com/fasterxml/jackson/core/jackson-annotations/2.5.4/jackson-annotations-2.5.4.jar
2016-05-16 15:40:57,250 [Worker-20] INFO  o.e.m.c.i.e.AbstractTransferListenerAdapter - Downloaded https://repo.maven.apache.org/maven2/com/fasterxml/jackson/core/jackson-annotations/2.5.4/jackson-annotations-2.5.4.jar
2016-05-16 15:40:57,282 [Worker-20] INFO  o.e.m.c.i.e.AbstractTransferListenerAdapter - Downloading https://repo.maven.apache.org/maven2/org/glassfish/jersey/core/jersey-client/2.22.2/jersey-client-2.22.2.jar
2016-05-16 15:40:57,405 [Worker-20] INFO  o.e.m.c.i.e.AbstractTransferListenerAdapter - Downloaded https://repo.maven.apache.org/maven2/org/glassfish/jersey/core/jersey-client/2.22.2/jersey-client-2.22.2.jar
2016-05-16 15:40:57,437 [Worker-20] INFO  o.e.m.c.i.e.AbstractTransferListenerAdapter - Downloading https://repo.maven.apache.org/maven2/org/glassfish/hk2/hk2-api/2.4.0-b34/hk2-api-2.4.0-b34.jar
2016-05-16 15:40:57,536 [Worker-20] INFO  o.e.m.c.i.e.AbstractTransferListenerAdapter - Downloaded https://repo.maven.apache.org/maven2/org/glassfish/hk2/hk2-api/2.4.0-b34/hk2-api-2.4.0-b34.jar
2016-05-16 15:40:57,569 [Worker-20] INFO  o.e.m.c.i.e.AbstractTransferListenerAdapter - Downloading https://repo.maven.apache.org/maven2/org/glassfish/hk2/hk2-utils/2.4.0-b34/hk2-utils-2.4.0-b34.jar
2016-05-16 15:40:57,659 [Worker-20] INFO  o.e.m.c.i.e.AbstractTransferListenerAdapter - Downloaded https://repo.maven.apache.org/maven2/org/glassfish/hk2/hk2-utils/2.4.0-b34/hk2-utils-2.4.0-b34.jar
2016-05-16 15:40:57,699 [Worker-20] INFO  o.e.m.c.i.e.AbstractTransferListenerAdapter - Downloading https://repo.maven.apache.org/maven2/org/glassfish/hk2/external/aopalliance-repackaged/2.4.0-b34/aopalliance-repackaged-2.4.0-b34.jar
2016-05-16 15:40:57,876 [Worker-20] INFO  o.e.m.c.i.e.AbstractTransferListenerAdapter - Downloaded https://repo.maven.apache.org/maven2/org/glassfish/hk2/external/aopalliance-repackaged/2.4.0-b34/aopalliance-repackaged-2.4.0-b34.jar
2016-05-16 15:40:57,905 [Worker-20] INFO  o.e.m.c.i.e.AbstractTransferListenerAdapter - Downloading https://repo.maven.apache.org/maven2/org/glassfish/hk2/external/javax.inject/2.4.0-b34/javax.inject-2.4.0-b34.jar
2016-05-16 15:40:57,941 [Worker-20] INFO  o.e.m.c.i.e.AbstractTransferListenerAdapter - Downloaded https://repo.maven.apache.org/maven2/org/glassfish/hk2/external/javax.inject/2.4.0-b34/javax.inject-2.4.0-b34.jar
2016-05-16 15:40:57,968 [Worker-20] INFO  o.e.m.c.i.e.AbstractTransferListenerAdapter - Downloading https://repo.maven.apache.org/maven2/org/glassfish/hk2/hk2-locator/2.4.0-b34/hk2-locator-2.4.0-b34.jar
2016-05-16 15:40:58,081 [Worker-20] INFO  o.e.m.c.i.e.AbstractTransferListenerAdapter - Downloaded https://repo.maven.apache.org/maven2/org/glassfish/hk2/hk2-locator/2.4.0-b34/hk2-locator-2.4.0-b34.jar
2016-05-16 15:40:58,120 [Worker-20] INFO  o.e.m.c.i.e.AbstractTransferListenerAdapter - Downloading https://repo.maven.apache.org/maven2/org/glassfish/jersey/containers/jersey-container-servlet-core/2.22.2/jersey-container-servlet-core-2.22.2.jar
2016-05-16 15:40:58,197 [Worker-20] INFO  o.e.m.c.i.e.AbstractTransferListenerAdapter - Downloaded https://repo.maven.apache.org/maven2/org/glassfish/jersey/containers/jersey-container-servlet-core/2.22.2/jersey-container-servlet-core-2.22.2.jar
2016-05-16 15:40:58,241 [Worker-20] INFO  o.e.m.c.i.e.AbstractTransferListenerAdapter - Downloading https://repo.maven.apache.org/maven2/org/glassfish/jersey/core/jersey-server/2.22.2/jersey-server-2.22.2.jar
2016-05-16 15:40:58,695 [Worker-20] INFO  o.e.m.c.i.e.AbstractTransferListenerAdapter - Downloaded https://repo.maven.apache.org/maven2/org/glassfish/jersey/core/jersey-server/2.22.2/jersey-server-2.22.2.jar
2016-05-16 15:40:58,730 [Worker-20] INFO  o.e.m.c.i.e.AbstractTransferListenerAdapter - Downloading https://repo.maven.apache.org/maven2/org/glassfish/jersey/media/jersey-media-jaxb/2.22.2/jersey-media-jaxb-2.22.2.jar
2016-05-16 15:40:58,829 [Worker-20] INFO  o.e.m.c.i.e.AbstractTransferListenerAdapter - Downloaded https://repo.maven.apache.org/maven2/org/glassfish/jersey/media/jersey-media-jaxb/2.22.2/jersey-media-jaxb-2.22.2.jar
2016-05-16 15:40:58,868 [Worker-20] INFO  o.e.m.c.i.e.AbstractTransferListenerAdapter - Downloading https://repo.maven.apache.org/maven2/javax/servlet/javax.servlet-api/3.0.1/javax.servlet-api-3.0.1.jar
2016-05-16 15:40:58,980 [Worker-20] INFO  o.e.m.c.i.e.AbstractTransferListenerAdapter - Downloaded https://repo.maven.apache.org/maven2/javax/servlet/javax.servlet-api/3.0.1/javax.servlet-api-3.0.1.jar
2016-05-16 16:00:34,381 [Worker-20] INFO  o.e.m.i.launch.MavenLaunchDelegate - C:\Users\hp\git\projetJxsw
2016-05-16 16:00:34,382 [Worker-20] INFO  o.e.m.i.launch.MavenLaunchDelegate -  mvn  -B jetty:run
2016-05-16 16:00:39,271 [Worker-27] INFO  o.e.m.i.launch.MavenLaunchDelegate - C:\Users\hp\git\projetJxsw
2016-05-16 16:00:39,281 [Worker-27] INFO  o.e.m.i.launch.MavenLaunchDelegate -  mvn  -B jetty:run
2016-05-16 16:01:33,665 [Worker-23] INFO  o.e.m.i.launch.MavenLaunchDelegate - C:\Users\hp\git\projetJxsw
2016-05-16 16:01:33,672 [Worker-23] INFO  o.e.m.i.launch.MavenLaunchDelegate -  mvn  -B jetty:run
